[0.182s] DEBUG:colcon:Command line arguments: ['/usr/bin/colcon', 'build', '--event-handlers', 'console_direct+', '--cmake-args', '-DCMAKE_BUILD_TYPE=Release']
[0.182s] DEBUG:colcon:Parsed command line arguments: Namespace(log_base=None, log_level=None, verb_name='build', build_base='build', install_base='install', merge_install=False, symlink_install=False, test_result_base=None, continue_on_error=False, executor='parallel', parallel_workers=10, event_handlers=['console_direct+'], ignore_user_meta=False, metas=['./colcon.meta'], base_paths=['.'], packages_ignore=None, packages_ignore_regex=None, paths=None, packages_up_to=None, packages_up_to_regex=None, packages_above=None, packages_above_and_dependencies=None, packages_above_depth=None, packages_select_by_dep=None, packages_skip_by_dep=None, packages_skip_up_to=None, packages_select_build_failed=False, packages_skip_build_finished=False, packages_select_test_failures=False, packages_skip_test_passed=False, packages_select=None, packages_skip=None, packages_select_regex=None, packages_skip_regex=None, packages_start=None, packages_end=None, cmake_args=['-DCMAKE_BUILD_TYPE=Release'], cmake_target=None, cmake_target_skip_unavailable=False, cmake_clean_cache=False, cmake_clean_first=False, cmake_force_configure=False, ament_cmake_args=None, catkin_cmake_args=None, catkin_skip_building_tests=False, mixin_files=None, mixin=None, verb_parser=<colcon_mixin.mixin.mixin_argument.MixinArgumentDecorator object at 0x7f7c8917c4c0>, verb_extension=<colcon_core.verb.build.BuildVerb object at 0x7f7c892c4c40>, main=<bound method BuildVerb.main of <colcon_core.verb.build.BuildVerb object at 0x7f7c892c4c40>>, mixin_verb=('build',))
[0.435s] Level 1:colcon.colcon_core.package_discovery:discover_packages(colcon_meta) check parameters
[0.436s] INFO:colcon.colcon_metadata.package_discovery.colcon_meta:Using configuration from '/root/.colcon/metadata/default/Gazebo.meta'
[0.437s] INFO:colcon.colcon_metadata.package_discovery.colcon_meta:Using configuration from '/root/.colcon/metadata/default/fastrtps.meta'
[0.437s] Level 1:colcon.colcon_core.package_discovery:discover_packages(recursive) check parameters
[0.437s] Level 1:colcon.colcon_core.package_discovery:discover_packages(ignore) check parameters
[0.437s] Level 1:colcon.colcon_core.package_discovery:discover_packages(path) check parameters
[0.437s] Level 1:colcon.colcon_core.package_discovery:discover_packages(colcon_meta) discover
[0.437s] Level 1:colcon.colcon_core.package_discovery:discover_packages(recursive) discover
[0.437s] INFO:colcon.colcon_core.package_discovery:Crawling recursively for packages in '/ros-humble-ros1-bridge'
[0.437s] Level 1:colcon.colcon_core.package_identification:_identify(.) by extensions ['ignore', 'ignore_ament_install']
[0.437s] Level 1:colcon.colcon_core.package_identification:_identify(.) by extension 'ignore'
[0.437s] Level 1:colcon.colcon_core.package_identification:_identify(.) by extension 'ignore_ament_install'
[0.437s] Level 1:colcon.colcon_core.package_identification:_identify(.) by extensions ['colcon_pkg']
[0.437s] Level 1:colcon.colcon_core.package_identification:_identify(.) by extension 'colcon_pkg'
[0.437s] Level 1:colcon.colcon_core.package_identification:_identify(.) by extensions ['colcon_meta']
[0.437s] Level 1:colcon.colcon_core.package_identification:_identify(.) by extension 'colcon_meta'
[0.438s] Level 1:colcon.colcon_core.package_identification:_identify(.) by extensions ['ros']
[0.438s] Level 1:colcon.colcon_core.package_identification:_identify(.) by extension 'ros'
[0.450s] Level 1:colcon.colcon_core.package_identification:_identify(.) by extensions ['cmake', 'python']
[0.450s] Level 1:colcon.colcon_core.package_identification:_identify(.) by extension 'cmake'
[0.450s] Level 1:colcon.colcon_core.package_identification:_identify(.) by extension 'python'
[0.450s] Level 1:colcon.colcon_core.package_identification:_identify(.) by extensions ['python_setup_py']
[0.450s] Level 1:colcon.colcon_core.package_identification:_identify(.) by extension 'python_setup_py'
[0.451s] Level 1:colcon.colcon_core.package_identification:_identify(build) by extensions ['ignore', 'ignore_ament_install']
[0.451s] Level 1:colcon.colcon_core.package_identification:_identify(build) by extension 'ignore'
[0.451s] Level 1:colcon.colcon_core.package_identification:_identify(build) ignored
[0.451s] Level 1:colcon.colcon_core.package_identification:_identify(install) by extensions ['ignore', 'ignore_ament_install']
[0.451s] Level 1:colcon.colcon_core.package_identification:_identify(install) by extension 'ignore'
[0.451s] Level 1:colcon.colcon_core.package_identification:_identify(install) ignored
[0.451s] Level 1:colcon.colcon_core.package_identification:_identify(log) by extensions ['ignore', 'ignore_ament_install']
[0.451s] Level 1:colcon.colcon_core.package_identification:_identify(log) by extension 'ignore'
[0.451s] Level 1:colcon.colcon_core.package_identification:_identify(log) ignored
[0.451s] Level 1:colcon.colcon_core.package_identification:_identify(src) by extensions ['ignore', 'ignore_ament_install']
[0.451s] Level 1:colcon.colcon_core.package_identification:_identify(src) by extension 'ignore'
[0.451s] Level 1:colcon.colcon_core.package_identification:_identify(src) by extension 'ignore_ament_install'
[0.451s] Level 1:colcon.colcon_core.package_identification:_identify(src) by extensions ['colcon_pkg']
[0.451s] Level 1:colcon.colcon_core.package_identification:_identify(src) by extension 'colcon_pkg'
[0.452s] Level 1:colcon.colcon_core.package_identification:_identify(src) by extensions ['colcon_meta']
[0.452s] Level 1:colcon.colcon_core.package_identification:_identify(src) by extension 'colcon_meta'
[0.452s] Level 1:colcon.colcon_core.package_identification:_identify(src) by extensions ['ros']
[0.452s] Level 1:colcon.colcon_core.package_identification:_identify(src) by extension 'ros'
[0.452s] Level 1:colcon.colcon_core.package_identification:_identify(src) by extensions ['cmake', 'python']
[0.452s] Level 1:colcon.colcon_core.package_identification:_identify(src) by extension 'cmake'
[0.452s] Level 1:colcon.colcon_core.package_identification:_identify(src) by extension 'python'
[0.452s] Level 1:colcon.colcon_core.package_identification:_identify(src) by extensions ['python_setup_py']
[0.452s] Level 1:colcon.colcon_core.package_identification:_identify(src) by extension 'python_setup_py'
[0.452s] Level 1:colcon.colcon_core.package_identification:_identify(src/ros1_bridge) by extensions ['ignore', 'ignore_ament_install']
[0.452s] Level 1:colcon.colcon_core.package_identification:_identify(src/ros1_bridge) by extension 'ignore'
[0.452s] Level 1:colcon.colcon_core.package_identification:_identify(src/ros1_bridge) by extension 'ignore_ament_install'
[0.452s] Level 1:colcon.colcon_core.package_identification:_identify(src/ros1_bridge) by extensions ['colcon_pkg']
[0.452s] Level 1:colcon.colcon_core.package_identification:_identify(src/ros1_bridge) by extension 'colcon_pkg'
[0.452s] Level 1:colcon.colcon_core.package_identification:_identify(src/ros1_bridge) by extensions ['colcon_meta']
[0.452s] Level 1:colcon.colcon_core.package_identification:_identify(src/ros1_bridge) by extension 'colcon_meta'
[0.452s] Level 1:colcon.colcon_core.package_identification:_identify(src/ros1_bridge) by extensions ['ros']
[0.452s] Level 1:colcon.colcon_core.package_identification:_identify(src/ros1_bridge) by extension 'ros'
[0.457s] DEBUG:colcon.colcon_core.package_identification:Package 'src/ros1_bridge' with type 'ros.ament_cmake' and name 'ros1_bridge'
[0.457s] Level 1:colcon.colcon_core.package_discovery:discover_packages(recursive) using defaults
[0.457s] Level 1:colcon.colcon_core.package_discovery:discover_packages(ignore) discover
[0.457s] Level 1:colcon.colcon_core.package_discovery:discover_packages(ignore) using defaults
[0.457s] Level 1:colcon.colcon_core.package_discovery:discover_packages(path) discover
[0.457s] Level 1:colcon.colcon_core.package_discovery:discover_packages(path) using defaults
[0.487s] Level 5:colcon.colcon_core.verb:set package 'ros1_bridge' build argument 'cmake_args' from command line to '['-DCMAKE_BUILD_TYPE=Release']'
[0.487s] Level 5:colcon.colcon_core.verb:set package 'ros1_bridge' build argument 'cmake_target' from command line to 'None'
[0.487s] Level 5:colcon.colcon_core.verb:set package 'ros1_bridge' build argument 'cmake_target_skip_unavailable' from command line to 'False'
[0.487s] Level 5:colcon.colcon_core.verb:set package 'ros1_bridge' build argument 'cmake_clean_cache' from command line to 'False'
[0.487s] Level 5:colcon.colcon_core.verb:set package 'ros1_bridge' build argument 'cmake_clean_first' from command line to 'False'
[0.487s] Level 5:colcon.colcon_core.verb:set package 'ros1_bridge' build argument 'cmake_force_configure' from command line to 'False'
[0.487s] Level 5:colcon.colcon_core.verb:set package 'ros1_bridge' build argument 'ament_cmake_args' from command line to 'None'
[0.487s] Level 5:colcon.colcon_core.verb:set package 'ros1_bridge' build argument 'catkin_cmake_args' from command line to 'None'
[0.487s] Level 5:colcon.colcon_core.verb:set package 'ros1_bridge' build argument 'catkin_skip_building_tests' from command line to 'False'
[0.487s] DEBUG:colcon.colcon_core.verb:Building package 'ros1_bridge' with the following arguments: {'ament_cmake_args': None, 'build_base': '/ros-humble-ros1-bridge/build/ros1_bridge', 'catkin_cmake_args': None, 'catkin_skip_building_tests': False, 'cmake_args': ['-DCMAKE_BUILD_TYPE=Release'], 'cmake_clean_cache': False, 'cmake_clean_first': False, 'cmake_force_configure': False, 'cmake_target': None, 'cmake_target_skip_unavailable': False, 'install_base': '/ros-humble-ros1-bridge/install/ros1_bridge', 'merge_install': False, 'path': '/ros-humble-ros1-bridge/src/ros1_bridge', 'symlink_install': False, 'test_result_base': None}
[0.487s] INFO:colcon.colcon_core.executor:Executing jobs using 'parallel' executor
[0.489s] DEBUG:colcon.colcon_parallel_executor.executor.parallel:run_until_complete
[0.489s] INFO:colcon.colcon_ros.task.ament_cmake.build:Building ROS package in '/ros-humble-ros1-bridge/src/ros1_bridge' with build type 'ament_cmake'
[0.489s] INFO:colcon.colcon_cmake.task.cmake.build:Building CMake package in '/ros-humble-ros1-bridge/src/ros1_bridge'
[0.493s] INFO:colcon.colcon_core.plugin_system:Skipping extension 'colcon_core.shell.bat': Not used on non-Windows systems
[0.493s] INFO:colcon.colcon_core.shell:Skip shell extension 'powershell' for command environment: Not usable outside of PowerShell
[0.493s] DEBUG:colcon.colcon_core.shell:Skip shell extension 'dsv' for command environment
[0.506s] DEBUG:colcon.colcon_core.event_handler.log_command:Invoking command in '/ros-humble-ros1-bridge/build/ros1_bridge': CMAKE_PREFIX_PATH=/opt/ros/humble:${CMAKE_PREFIX_PATH} /usr/bin/cmake /ros-humble-ros1-bridge/src/ros1_bridge -DCMAKE_BUILD_TYPE=Release -DCMAKE_INSTALL_PREFIX=/ros-humble-ros1-bridge/install/ros1_bridge
[5.585s] DEBUG:colcon.colcon_core.event_handler.log_command:Invoked command in '/ros-humble-ros1-bridge/build/ros1_bridge' returned '0': CMAKE_PREFIX_PATH=/opt/ros/humble:${CMAKE_PREFIX_PATH} /usr/bin/cmake /ros-humble-ros1-bridge/src/ros1_bridge -DCMAKE_BUILD_TYPE=Release -DCMAKE_INSTALL_PREFIX=/ros-humble-ros1-bridge/install/ros1_bridge
[5.589s] DEBUG:colcon.colcon_core.event_handler.log_command:Invoking command in '/ros-humble-ros1-bridge/build/ros1_bridge': CMAKE_PREFIX_PATH=/opt/ros/humble:${CMAKE_PREFIX_PATH} /usr/bin/cmake --build /ros-humble-ros1-bridge/build/ros1_bridge
[1446.496s] DEBUG:colcon.colcon_core.event_handler.log_command:Invoked command in '/ros-humble-ros1-bridge/build/ros1_bridge' returned '0': CMAKE_PREFIX_PATH=/opt/ros/humble:${CMAKE_PREFIX_PATH} /usr/bin/cmake --build /ros-humble-ros1-bridge/build/ros1_bridge
[1448.595s] DEBUG:colcon.colcon_core.event_handler.log_command:Invoking command in '/ros-humble-ros1-bridge/build/ros1_bridge': CMAKE_PREFIX_PATH=/opt/ros/humble:${CMAKE_PREFIX_PATH} /usr/bin/cmake --install /ros-humble-ros1-bridge/build/ros1_bridge
[1451.092s] Level 1:colcon.colcon_core.environment:create_environment_scripts_only(ros1_bridge)
[1451.153s] DEBUG:colcon.colcon_core.event_handler.log_command:Invoked command in '/ros-humble-ros1-bridge/build/ros1_bridge' returned '0': CMAKE_PREFIX_PATH=/opt/ros/humble:${CMAKE_PREFIX_PATH} /usr/bin/cmake --install /ros-humble-ros1-bridge/build/ros1_bridge
[1451.429s] Level 1:colcon.colcon_core.environment:checking '/ros-humble-ros1-bridge/install/ros1_bridge' for CMake module files
[1451.438s] Level 1:colcon.colcon_core.environment:checking '/ros-humble-ros1-bridge/install/ros1_bridge' for CMake config files
[1451.481s] Level 1:colcon.colcon_core.shell:create_environment_hook('ros1_bridge', 'cmake_prefix_path')
[1451.513s] INFO:colcon.colcon_core.shell:Creating environment hook '/ros-humble-ros1-bridge/install/ros1_bridge/share/ros1_bridge/hook/cmake_prefix_path.ps1'
[1451.535s] INFO:colcon.colcon_core.shell:Creating environment descriptor '/ros-humble-ros1-bridge/install/ros1_bridge/share/ros1_bridge/hook/cmake_prefix_path.dsv'
[1451.544s] INFO:colcon.colcon_core.shell:Creating environment hook '/ros-humble-ros1-bridge/install/ros1_bridge/share/ros1_bridge/hook/cmake_prefix_path.sh'
[1451.559s] Level 1:colcon.colcon_core.environment:checking '/ros-humble-ros1-bridge/install/ros1_bridge/lib'
[1451.559s] Level 1:colcon.colcon_core.shell:create_environment_hook('ros1_bridge', 'ld_library_path_lib')
[1451.559s] INFO:colcon.colcon_core.shell:Creating environment hook '/ros-humble-ros1-bridge/install/ros1_bridge/share/ros1_bridge/hook/ld_library_path_lib.ps1'
[1451.562s] INFO:colcon.colcon_core.shell:Creating environment descriptor '/ros-humble-ros1-bridge/install/ros1_bridge/share/ros1_bridge/hook/ld_library_path_lib.dsv'
[1451.595s] INFO:colcon.colcon_core.shell:Creating environment hook '/ros-humble-ros1-bridge/install/ros1_bridge/share/ros1_bridge/hook/ld_library_path_lib.sh'
[1451.605s] Level 1:colcon.colcon_core.environment:checking '/ros-humble-ros1-bridge/install/ros1_bridge/bin'
[1451.606s] Level 1:colcon.colcon_core.environment:checking '/ros-humble-ros1-bridge/install/ros1_bridge/lib/pkgconfig/ros1_bridge.pc'
[1451.632s] Level 1:colcon.colcon_core.environment:checking '/ros-humble-ros1-bridge/install/ros1_bridge/lib/python3.10/site-packages'
[1451.633s] Level 1:colcon.colcon_core.environment:checking '/ros-humble-ros1-bridge/install/ros1_bridge/bin'
[1451.637s] INFO:colcon.colcon_core.shell:Creating package script '/ros-humble-ros1-bridge/install/ros1_bridge/share/ros1_bridge/package.ps1'
[1451.713s] INFO:colcon.colcon_core.shell:Creating package descriptor '/ros-humble-ros1-bridge/install/ros1_bridge/share/ros1_bridge/package.dsv'
[1451.718s] INFO:colcon.colcon_core.shell:Creating package script '/ros-humble-ros1-bridge/install/ros1_bridge/share/ros1_bridge/package.sh'
[1451.731s] INFO:colcon.colcon_core.shell:Creating package script '/ros-humble-ros1-bridge/install/ros1_bridge/share/ros1_bridge/package.bash'
[1451.796s] INFO:colcon.colcon_core.shell:Creating package script '/ros-humble-ros1-bridge/install/ros1_bridge/share/ros1_bridge/package.zsh'
[1451.806s] Level 1:colcon.colcon_core.environment:create_file_with_runtime_dependencies(/ros-humble-ros1-bridge/install/ros1_bridge/share/colcon-core/packages/ros1_bridge)
[1454.037s] Level 1:colcon.colcon_core.environment:create_environment_scripts_only(ros1_bridge)
[1454.039s] Level 1:colcon.colcon_core.environment:checking '/ros-humble-ros1-bridge/install/ros1_bridge' for CMake module files
[1454.039s] Level 1:colcon.colcon_core.environment:checking '/ros-humble-ros1-bridge/install/ros1_bridge' for CMake config files
[1454.040s] Level 1:colcon.colcon_core.shell:create_environment_hook('ros1_bridge', 'cmake_prefix_path')
[1454.040s] INFO:colcon.colcon_core.shell:Creating environment hook '/ros-humble-ros1-bridge/install/ros1_bridge/share/ros1_bridge/hook/cmake_prefix_path.ps1'
[1454.040s] INFO:colcon.colcon_core.shell:Creating environment descriptor '/ros-humble-ros1-bridge/install/ros1_bridge/share/ros1_bridge/hook/cmake_prefix_path.dsv'
[1454.041s] INFO:colcon.colcon_core.shell:Creating environment hook '/ros-humble-ros1-bridge/install/ros1_bridge/share/ros1_bridge/hook/cmake_prefix_path.sh'
[1454.041s] Level 1:colcon.colcon_core.environment:checking '/ros-humble-ros1-bridge/install/ros1_bridge/lib'
[1454.043s] Level 1:colcon.colcon_core.shell:create_environment_hook('ros1_bridge', 'ld_library_path_lib')
[1454.043s] INFO:colcon.colcon_core.shell:Creating environment hook '/ros-humble-ros1-bridge/install/ros1_bridge/share/ros1_bridge/hook/ld_library_path_lib.ps1'
[1454.045s] INFO:colcon.colcon_core.shell:Creating environment descriptor '/ros-humble-ros1-bridge/install/ros1_bridge/share/ros1_bridge/hook/ld_library_path_lib.dsv'
[1454.045s] INFO:colcon.colcon_core.shell:Creating environment hook '/ros-humble-ros1-bridge/install/ros1_bridge/share/ros1_bridge/hook/ld_library_path_lib.sh'
[1454.045s] Level 1:colcon.colcon_core.environment:checking '/ros-humble-ros1-bridge/install/ros1_bridge/bin'
[1454.046s] Level 1:colcon.colcon_core.environment:checking '/ros-humble-ros1-bridge/install/ros1_bridge/lib/pkgconfig/ros1_bridge.pc'
[1454.046s] Level 1:colcon.colcon_core.environment:checking '/ros-humble-ros1-bridge/install/ros1_bridge/lib/python3.10/site-packages'
[1454.046s] Level 1:colcon.colcon_core.environment:checking '/ros-humble-ros1-bridge/install/ros1_bridge/bin'
[1454.047s] INFO:colcon.colcon_core.shell:Creating package script '/ros-humble-ros1-bridge/install/ros1_bridge/share/ros1_bridge/package.ps1'
[1454.047s] INFO:colcon.colcon_core.shell:Creating package descriptor '/ros-humble-ros1-bridge/install/ros1_bridge/share/ros1_bridge/package.dsv'
[1454.048s] INFO:colcon.colcon_core.shell:Creating package script '/ros-humble-ros1-bridge/install/ros1_bridge/share/ros1_bridge/package.sh'
[1454.049s] INFO:colcon.colcon_core.shell:Creating package script '/ros-humble-ros1-bridge/install/ros1_bridge/share/ros1_bridge/package.bash'
[1454.049s] INFO:colcon.colcon_core.shell:Creating package script '/ros-humble-ros1-bridge/install/ros1_bridge/share/ros1_bridge/package.zsh'
[1454.050s] Level 1:colcon.colcon_core.environment:create_file_with_runtime_dependencies(/ros-humble-ros1-bridge/install/ros1_bridge/share/colcon-core/packages/ros1_bridge)
[1454.052s] DEBUG:colcon.colcon_parallel_executor.executor.parallel:closing loop
[1454.055s] DEBUG:colcon.colcon_parallel_executor.executor.parallel:loop closed
[1454.056s] DEBUG:colcon.colcon_parallel_executor.executor.parallel:run_until_complete finished with '0'
[1454.058s] DEBUG:colcon.colcon_core.event_reactor:joining thread
[1454.159s] INFO:colcon.colcon_core.plugin_system:Skipping extension 'colcon_notification.desktop_notification.notify_send': Could not find 'notify-send'
[1454.159s] INFO:colcon.colcon_core.plugin_system:Skipping extension 'colcon_notification.desktop_notification.terminal_notifier': Not used on non-Darwin systems
[1454.160s] INFO:colcon.colcon_core.plugin_system:Skipping extension 'colcon_notification.desktop_notification.win32': Not used on non-Windows systems
[1454.160s] INFO:colcon.colcon_notification.desktop_notification:Sending desktop notification using 'notify2'
[1454.164s] DEBUG:colcon.colcon_notification.desktop_notification.notify2:Failed to initialize notify2: org.freedesktop.DBus.Error.NotSupported: Unable to autolaunch a dbus-daemon without a $DISPLAY for X11
[1454.164s] DEBUG:colcon.colcon_core.event_reactor:joined thread
[1454.166s] INFO:colcon.colcon_core.shell:Creating prefix script '/ros-humble-ros1-bridge/install/local_setup.ps1'
[1454.169s] INFO:colcon.colcon_core.shell:Creating prefix util module '/ros-humble-ros1-bridge/install/_local_setup_util_ps1.py'
[1454.173s] INFO:colcon.colcon_core.shell:Creating prefix chain script '/ros-humble-ros1-bridge/install/setup.ps1'
[1454.187s] INFO:colcon.colcon_core.shell:Creating prefix script '/ros-humble-ros1-bridge/install/local_setup.sh'
[1454.189s] INFO:colcon.colcon_core.shell:Creating prefix util module '/ros-humble-ros1-bridge/install/_local_setup_util_sh.py'
[1454.190s] INFO:colcon.colcon_core.shell:Creating prefix chain script '/ros-humble-ros1-bridge/install/setup.sh'
[1454.192s] INFO:colcon.colcon_core.shell:Creating prefix script '/ros-humble-ros1-bridge/install/local_setup.bash'
[1454.193s] INFO:colcon.colcon_core.shell:Creating prefix chain script '/ros-humble-ros1-bridge/install/setup.bash'
[1454.196s] INFO:colcon.colcon_core.shell:Creating prefix script '/ros-humble-ros1-bridge/install/local_setup.zsh'
[1454.198s] INFO:colcon.colcon_core.shell:Creating prefix chain script '/ros-humble-ros1-bridge/install/setup.zsh'
