Determining if the pthread_create exist failed with the following output:
Change Dir: /home/tommy/robotics/AUV-2020/catkin_ws/build/catkin_tools_prebuild/CMakeFiles/CMakeTmp

Run Build Command:"/usr/bin/make" "cmTC_85a0b/fast"
/usr/bin/make -f CMakeFiles/cmTC_85a0b.dir/build.make CMakeFiles/cmTC_85a0b.dir/build
make[1]: Entering directory '/home/tommy/robotics/AUV-2020/catkin_ws/build/catkin_tools_prebuild/CMakeFiles/CMakeTmp'
Building C object CMakeFiles/cmTC_85a0b.dir/CheckSymbolExists.c.o
/usr/bin/cc    -o CMakeFiles/cmTC_85a0b.dir/CheckSymbolExists.c.o   -c /home/tommy/robotics/AUV-2020/catkin_ws/build/catkin_tools_prebuild/CMakeFiles/CMakeTmp/CheckSymbolExists.c
Linking C executable cmTC_85a0b
/usr/bin/cmake -E cmake_link_script CMakeFiles/cmTC_85a0b.dir/link.txt --verbose=1
/usr/bin/cc      -rdynamic CMakeFiles/cmTC_85a0b.dir/CheckSymbolExists.c.o  -o cmTC_85a0b 
CMakeFiles/cmTC_85a0b.dir/CheckSymbolExists.c.o: In function `main':
CheckSymbolExists.c:(.text+0x1b): undefined reference to `pthread_create'
collect2: error: ld returned 1 exit status
CMakeFiles/cmTC_85a0b.dir/build.make:97: recipe for target 'cmTC_85a0b' failed
make[1]: *** [cmTC_85a0b] Error 1
make[1]: Leaving directory '/home/tommy/robotics/AUV-2020/catkin_ws/build/catkin_tools_prebuild/CMakeFiles/CMakeTmp'
Makefile:126: recipe for target 'cmTC_85a0b/fast' failed
make: *** [cmTC_85a0b/fast] Error 2

File /home/tommy/robotics/AUV-2020/catkin_ws/build/catkin_tools_prebuild/CMakeFiles/CMakeTmp/CheckSymbolExists.c:
/* */
#include <pthread.h>

int main(int argc, char** argv)
{
  (void)argv;
#ifndef pthread_create
  return ((int*)(&pthread_create))[argc];
#else
  (void)argc;
  return 0;
#endif
}

Determining if the function pthread_create exists in the pthreads failed with the following output:
Change Dir: /home/tommy/robotics/AUV-2020/catkin_ws/build/catkin_tools_prebuild/CMakeFiles/CMakeTmp

Run Build Command:"/usr/bin/make" "cmTC_e1bc9/fast"
/usr/bin/make -f CMakeFiles/cmTC_e1bc9.dir/build.make CMakeFiles/cmTC_e1bc9.dir/build
make[1]: Entering directory '/home/tommy/robotics/AUV-2020/catkin_ws/build/catkin_tools_prebuild/CMakeFiles/CMakeTmp'
Building C object CMakeFiles/cmTC_e1bc9.dir/CheckFunctionExists.c.o
/usr/bin/cc   -DCHECK_FUNCTION_EXISTS=pthread_create   -o CMakeFiles/cmTC_e1bc9.dir/CheckFunctionExists.c.o   -c /usr/share/cmake-3.10/Modules/CheckFunctionExists.c
Linking C executable cmTC_e1bc9
/usr/bin/cmake -E cmake_link_script CMakeFiles/cmTC_e1bc9.dir/link.txt --verbose=1
/usr/bin/cc  -DCHECK_FUNCTION_EXISTS=pthread_create    -rdynamic CMakeFiles/cmTC_e1bc9.dir/CheckFunctionExists.c.o  -o cmTC_e1bc9 -lpthreads 
/usr/bin/ld: cannot find -lpthreads
collect2: error: ld returned 1 exit status
CMakeFiles/cmTC_e1bc9.dir/build.make:97: recipe for target 'cmTC_e1bc9' failed
make[1]: *** [cmTC_e1bc9] Error 1
make[1]: Leaving directory '/home/tommy/robotics/AUV-2020/catkin_ws/build/catkin_tools_prebuild/CMakeFiles/CMakeTmp'
Makefile:126: recipe for target 'cmTC_e1bc9/fast' failed
make: *** [cmTC_e1bc9/fast] Error 2


